Logfile initialized
[INFO] logfile = /Users/ronaldaai/My Data/iphone/me-chat-titanium-01/build.log
[DEBUG] /Library/Application Support/Titanium/mobilesdk/osx/1.7.0/android/builder.py simulator "me-chat-titanium-01" "/android-sdk-mac_x86" "/Users/ronaldaai/My Data/iphone/me-chat-titanium-01" "5PM44684X4.mechat.titanium01" "6" "WQVGA432"
[INFO] Building me-chat-titanium-01 for Android ... one moment
[INFO] Titanium SDK version: 1.7.0 (05/30/11 13:06 566ab19...)
[DEBUG] Waiting for device to be ready ...
[TRACE] adb devices returned 1 devices/emulators
[DEBUG] Device connected... (waited 0 seconds)
[DEBUG] waited 0.009153 seconds on emulator to get ready
[DEBUG] 5PM44684X4.mechat.titanium01 installed? False
[WARN] Fastdev enabled, but server isn't running, deploying normally
[INFO] Copying project resources..
[INFO] Tiapp.xml unchanged, skipping class generation
[DEBUG] Processing Android resource drawables
[DEBUG] found drawable-long-land-hdpi splash screen at /Users/ronaldaai/My Data/iphone/me-chat-titanium-01/Resources/android/images/res-long-land-hdpi/default.png
[DEBUG] found drawable-long-land-ldpi splash screen at /Users/ronaldaai/My Data/iphone/me-chat-titanium-01/Resources/android/images/res-long-land-ldpi/default.png
[DEBUG] found drawable-long-port-hdpi splash screen at /Users/ronaldaai/My Data/iphone/me-chat-titanium-01/Resources/android/images/res-long-port-hdpi/default.png
[DEBUG] found drawable-long-port-ldpi splash screen at /Users/ronaldaai/My Data/iphone/me-chat-titanium-01/Resources/android/images/res-long-port-ldpi/default.png
[DEBUG] found drawable-notlong-land-hdpi splash screen at /Users/ronaldaai/My Data/iphone/me-chat-titanium-01/Resources/android/images/res-notlong-land-hdpi/default.png
[DEBUG] found drawable-notlong-land-ldpi splash screen at /Users/ronaldaai/My Data/iphone/me-chat-titanium-01/Resources/android/images/res-notlong-land-ldpi/default.png
[DEBUG] found drawable-notlong-land-mdpi splash screen at /Users/ronaldaai/My Data/iphone/me-chat-titanium-01/Resources/android/images/res-notlong-land-mdpi/default.png
[DEBUG] found drawable-notlong-port-hdpi splash screen at /Users/ronaldaai/My Data/iphone/me-chat-titanium-01/Resources/android/images/res-notlong-port-hdpi/default.png
[DEBUG] found drawable-notlong-port-ldpi splash screen at /Users/ronaldaai/My Data/iphone/me-chat-titanium-01/Resources/android/images/res-notlong-port-ldpi/default.png
[DEBUG] found drawable-notlong-port-mdpi splash screen at /Users/ronaldaai/My Data/iphone/me-chat-titanium-01/Resources/android/images/res-notlong-port-mdpi/default.png
[DEBUG] adding /Users/ronaldaai/My Data/iphone/me-chat-titanium-01/build/android/gen/5PM44684X4/mechat/titanium01/ApplicationStylesheet.java to javac build list
[DEBUG] adding /Users/ronaldaai/My Data/iphone/me-chat-titanium-01/build/android/gen/5PM44684X4/mechat/titanium01/MeChatTitanium01Activity.java to javac build list
[DEBUG] adding /Users/ronaldaai/My Data/iphone/me-chat-titanium-01/build/android/gen/5PM44684X4/mechat/titanium01/MeChatTitanium01AppInfo.java to javac build list
[DEBUG] adding /Users/ronaldaai/My Data/iphone/me-chat-titanium-01/build/android/gen/5PM44684X4/mechat/titanium01/MeChatTitanium01Application.java to javac build list
[DEBUG] adding /Users/ronaldaai/My Data/iphone/me-chat-titanium-01/build/android/gen/5PM44684X4/mechat/titanium01/R.java to javac build list
[DEBUG] Building Java Sources: "/Users/ronaldaai/My Data/iphone/me-chat-titanium-01/build/android/gen/5PM44684X4/mechat/titanium01/ApplicationStylesheet.java" "/Users/ronaldaai/My Data/iphone/me-chat-titanium-01/build/android/gen/5PM44684X4/mechat/titanium01/MeChatTitanium01Activity.java" "/Users/ronaldaai/My Data/iphone/me-chat-titanium-01/build/android/gen/5PM44684X4/mechat/titanium01/MeChatTitanium01AppInfo.java" "/Users/ronaldaai/My Data/iphone/me-chat-titanium-01/build/android/gen/5PM44684X4/mechat/titanium01/MeChatTitanium01Application.java" "/Users/ronaldaai/My Data/iphone/me-chat-titanium-01/build/android/gen/5PM44684X4/mechat/titanium01/R.java"
[INFO] Waiting for SDCard to become available..
[INFO] Compiling Android Resources... This could take some time
[DEBUG] Android classes.dex built
[DEBUG] creating unsigned apk: /Users/ronaldaai/My Data/iphone/me-chat-titanium-01/build/android/bin/app-unsigned.apk
[DEBUG] from resource zip => assets/Resources/dates/01.png
[DEBUG] from resource zip => assets/Resources/dates/02.png
[DEBUG] from resource zip => assets/Resources/dates/03.png
[DEBUG] from resource zip => assets/Resources/dates/04.png
[DEBUG] from resource zip => assets/Resources/dates/05.png
[DEBUG] from resource zip => assets/Resources/dates/06.png
[DEBUG] from resource zip => assets/Resources/dates/07.png
[DEBUG] from resource zip => assets/Resources/dates/08.png
[DEBUG] from resource zip => assets/Resources/dates/09.png
[DEBUG] from resource zip => assets/Resources/dates/10.png
[DEBUG] from resource zip => assets/Resources/dates/11.png
[DEBUG] from resource zip => assets/Resources/dates/12.png
[DEBUG] from resource zip => assets/Resources/dates/13.png
[DEBUG] from resource zip => assets/Resources/dates/14.png
[DEBUG] from resource zip => assets/Resources/dates/15.png
[DEBUG] from resource zip => assets/Resources/dates/16.png
[DEBUG] from resource zip => assets/Resources/dates/17.png
[DEBUG] from resource zip => assets/Resources/dates/18.png
[DEBUG] from resource zip => assets/Resources/dates/19.png
[DEBUG] from resource zip => assets/Resources/dates/20.png
[DEBUG] from resource zip => assets/Resources/dates/21.png
[DEBUG] from resource zip => assets/Resources/dates/22.png
[DEBUG] from resource zip => assets/Resources/dates/23.png
[DEBUG] from resource zip => assets/Resources/dates/24.png
[DEBUG] from resource zip => assets/Resources/dates/25.png
[DEBUG] from resource zip => assets/Resources/dates/26.png
[DEBUG] from resource zip => assets/Resources/dates/27.png
[DEBUG] from resource zip => assets/Resources/dates/28.png
[DEBUG] from resource zip => assets/Resources/dates/29.png
[DEBUG] from resource zip => assets/Resources/dates/30.png
[DEBUG] from resource zip => assets/Resources/dates/31.png
[DEBUG] from resource zip => assets/Resources/modules/iphone/Settings.bundle/en.lproj/Root.strings
[DEBUG] from resource zip => assets/Resources/modules/iphone/Settings.bundle/Root.plist
[DEBUG] from resource zip => assets/Resources/KS_nav_ui.png
[DEBUG] from resource zip => assets/Resources/KS_nav_views.png
[DEBUG] from resource zip => assets/Resources/app.js
[DEBUG] from resource zip => assets/Resources/appicon.png
[DEBUG] from resource zip => assets/Resources/bg.js
[DEBUG] from resource zip => assets/Resources/blue_drink.png
[DEBUG] from resource zip => assets/Resources/blue_edit.png
[DEBUG] from resource zip => assets/Resources/blue_email.png
[DEBUG] from resource zip => assets/Resources/bubble.png
[DEBUG] from resource zip => assets/Resources/commentButton.png
[DEBUG] from resource zip => assets/Resources/db.sqlite
[DEBUG] from resource zip => assets/Resources/default.png
[DEBUG] from resource zip => assets/Resources/default_app_logo.png
[DEBUG] from resource zip => assets/Resources/eventsButton.png
[DEBUG] from resource zip => assets/Resources/me-chat.tmproj
[DEBUG] from resource zip => assets/Resources/menu.js
[DEBUG] from resource zip => assets/Resources/notificationBadge.png
[DEBUG] from resource zip => assets/Resources/notificationUnreadBadge.png
[DEBUG] from resource zip => assets/Resources/pop.caf
[DEBUG] from resource zip => assets/Resources/user.png
[DEBUG] from resource zip => assets/tiapp.xml
[DEBUG] from resource zip => res/drawable/appicon.png
[DEBUG] from resource zip => res/drawable/background.png
[DEBUG] from resource zip => res/layout/titanium_tabgroup.xml
[DEBUG] from resource zip => AndroidManifest.xml
[DEBUG] from resource zip => resources.arsc
[DEBUG] from resource zip => res/drawable-long-land-hdpi/background.png
[DEBUG] from resource zip => res/drawable-long-land-ldpi/background.png
[DEBUG] from resource zip => res/drawable-long-port-hdpi/background.png
[DEBUG] from resource zip => res/drawable-long-port-ldpi/background.png
[DEBUG] from resource zip => res/drawable-notlong-land-hdpi/background.png
[DEBUG] from resource zip => res/drawable-notlong-land-ldpi/background.png
[DEBUG] from resource zip => res/drawable-notlong-land-mdpi/background.png
[DEBUG] from resource zip => res/drawable-notlong-port-hdpi/background.png
[DEBUG] from resource zip => res/drawable-notlong-port-ldpi/background.png
[DEBUG] from resource zip => res/drawable-notlong-port-mdpi/background.png
[DEBUG] from JAR /Library/Application Support/Titanium/mobilesdk/osx/1.7.0/android/modules/titanium-ui.jar => ti/modules/titanium/ui/widget/webview/binding.js
[DEBUG] from JAR /Library/Application Support/Titanium/mobilesdk/osx/1.7.0/android/modules/titanium-ui.jar => ti/modules/titanium/ui/widget/webview/binding.min.js
[DEBUG] from JAR /Library/Application Support/Titanium/mobilesdk/osx/1.7.0/android/modules/titanium-ui.jar => ti/modules/titanium/ui/widget/webview/json2.js
[DEBUG] from JAR /Library/Application Support/Titanium/mobilesdk/osx/1.7.0/android/titanium.jar => org/apache/Commons-NOTICE.txt
[DEBUG] from JAR /Library/Application Support/Titanium/mobilesdk/osx/1.7.0/android/titanium.jar => org/apache/HttpComponents-NOTICE.txt
[DEBUG] from JAR /Library/Application Support/Titanium/mobilesdk/osx/1.7.0/android/titanium.jar => org/apache/mime4j-NOTICE.txt
[DEBUG] from JAR /Library/Application Support/Titanium/mobilesdk/osx/1.7.0/android/titanium.jar => org/appcelerator/titanium/build.properties
[DEBUG] from JAR /Library/Application Support/Titanium/mobilesdk/osx/1.7.0/android/titanium.jar => org/appcelerator/titanium/res/drawable/background.png
[DEBUG] from JAR /Library/Application Support/Titanium/mobilesdk/osx/1.7.0/android/titanium.jar => org/appcelerator/titanium/res/drawable/btn_check_buttonless_on.png
[DEBUG] from JAR /Library/Application Support/Titanium/mobilesdk/osx/1.7.0/android/titanium.jar => org/appcelerator/titanium/res/drawable/btn_check_buttonless_on_18.png
[DEBUG] from JAR /Library/Application Support/Titanium/mobilesdk/osx/1.7.0/android/titanium.jar => org/appcelerator/titanium/res/drawable/btn_check_buttonless_on_48.png
[DEBUG] from JAR /Library/Application Support/Titanium/mobilesdk/osx/1.7.0/android/titanium.jar => org/appcelerator/titanium/res/drawable/btn_more.png
[DEBUG] from JAR /Library/Application Support/Titanium/mobilesdk/osx/1.7.0/android/titanium.jar => org/appcelerator/titanium/res/drawable/btn_more_18.png
[DEBUG] from JAR /Library/Application Support/Titanium/mobilesdk/osx/1.7.0/android/titanium.jar => org/appcelerator/titanium/res/drawable/btn_more_48.png
[DEBUG] from JAR /Library/Application Support/Titanium/mobilesdk/osx/1.7.0/android/titanium.jar => org/appcelerator/titanium/res/drawable/btn_picker_normal.9.png
[DEBUG] from JAR /Library/Application Support/Titanium/mobilesdk/osx/1.7.0/android/titanium.jar => org/appcelerator/titanium/res/drawable/btn_picker_pressed.9.png
[DEBUG] from JAR /Library/Application Support/Titanium/mobilesdk/osx/1.7.0/android/titanium.jar => org/appcelerator/titanium/res/drawable/btn_picker_selected.9.png
[DEBUG] from JAR /Library/Application Support/Titanium/mobilesdk/osx/1.7.0/android/titanium.jar => org/appcelerator/titanium/res/drawable/default_icon.png
[DEBUG] from JAR /Library/Application Support/Titanium/mobilesdk/osx/1.7.0/android/titanium.jar => org/appcelerator/titanium/res/drawable/photoDefault.png
[DEBUG] from JAR /Library/Application Support/Titanium/mobilesdk/osx/1.7.0/android/smalljs.jar => org/mozilla/javascript/resources/Messages.properties
[DEBUG] from JAR /Library/Application Support/Titanium/mobilesdk/osx/1.7.0/android/smalljs.jar => org/mozilla/javascript/resources/Messages_fr.properties
[DEBUG] Waiting for device to be ready ...
[TRACE] adb devices returned 1 devices/emulators
[DEBUG] Device connected... (waited 0 seconds)
[DEBUG] waited 0.019783 seconds on emulator to get ready
[INFO] Installing application on device
[ERROR] Failed installing 5PM44684X4.mechat.titanium01: 	pkg: /data/local/tmp/app.apk
Failure [INSTALL_FAILED_INVALID_APK]

[INFO] Android Emulator has exited
